<?xml version="1.0" encoding="UTF-8"?>
<!-- Generated by org.testng.reporters.JUnitReportReporter -->
<testsuite hostname="LAPTOP-EH7641DI" failures="0" tests="1" name="com.smallcase.testCases.SmallCaseTest" time="10.584" errors="0" timestamp="2023-01-02T21:19:06 IST" skipped="0">
  <testcase classname="com.smallcase.testCases.SmallCaseTest" name="Test1" time="10.584"/>
  <system-out/>
</testsuite> <!-- com.smallcase.testCases.SmallCaseTest -->
